This file contains any messages produced by compilers while
running configure, to aid debugging if configure makes a mistake.

It was created by expat configure 2.1.0, which was
generated by GNU Autoconf 2.68.  Invocation command line was

  $ ./configure CFLAGS=-O3 --prefix=/home/user/libass.js/build/expat/dist

## --------- ##
## Platform. ##
## --------- ##

hostname = ubuntu
uname -m = x86_64
uname -r = 4.4.0-57-generic
uname -s = Linux
uname -v = #78-Ubuntu SMP Fri Dec 9 23:50:32 UTC 2016

/usr/bin/uname -p = unknown
/bin/uname -X     = unknown

/bin/arch              = unknown
/usr/bin/arch -k       = unknown
/usr/convex/getsysinfo = unknown
/usr/bin/hostinfo      = unknown
/bin/machine           = unknown
/usr/bin/oslevel       = unknown
/bin/universe          = unknown

PATH: /home/user/emsdk_portable/emscripten/master/system/bin
PATH: /home/user/emsdk_portable
PATH: /home/user/emsdk_portable/clang/fastcomp/build_master_64/bin
PATH: /home/user/emsdk_portable/node/4.1.1_64bit/bin
PATH: /home/user/emsdk_portable/emscripten/master
PATH: /usr/local/sbin
PATH: /usr/local/bin
PATH: /usr/sbin
PATH: /usr/bin
PATH: /sbin
PATH: /bin
PATH: /usr/games
PATH: /usr/local/games
PATH: /root/depot_tools
PATH: /root/chromium/src/third_party/android_tools/sdk/build-tools/23.0.0/


## ----------- ##
## Core tests. ##
## ----------- ##

configure:2385: checking build system type
configure:2399: result: x86_64-unknown-linux-gnu
configure:2419: checking host system type
configure:2432: result: x86_64-unknown-linux-gnu
configure:2801: checking how to print strings
configure:2828: result: printf
configure:2897: checking for gcc
configure:2924: result: /home/user/emsdk_portable/emscripten/master/emcc
configure:3153: checking for C compiler version
configure:3162: /home/user/emsdk_portable/emscripten/master/emcc --version >&5
emcc (Emscripten gcc/clang-like replacement) 1.37.0 (commit 6dc4ac5f9e4d8484e273e4dcc554f809738cedd6)
Copyright (C) 2014 the Emscripten authors (see AUTHORS.txt)
This is free and open source software under the MIT license.
There is NO warranty; not even for MERCHANTABILITY or FITNESS FOR A PARTICULAR PURPOSE.
  
configure:3173: $? = 0
configure:3162: /home/user/emsdk_portable/emscripten/master/emcc -v >&5
emcc (Emscripten gcc/clang-like replacement + linker emulating GNU ld) 1.37.0
clang version 3.9.0 (https://github.com/kripken/emscripten-fastcomp-clang/ 60a7e9a9c22b67309e5b1258d38fadfa481a25d3) (https://github.com/kripken/emscripten-fastcomp/ 881bd352731d21c7117ad7e2ece347aacae83965) (emscripten 1.37.0 : 1.37.0)
Target: x86_64-unknown-linux-gnu
Thread model: posix
InstalledDir: /home/user/emsdk_portable/clang/fastcomp/build_master_64/bin
Found candidate GCC installation: /usr/lib/gcc/i686-linux-gnu/4.8
Found candidate GCC installation: /usr/lib/gcc/i686-linux-gnu/4.8.5
Found candidate GCC installation: /usr/lib/gcc/i686-linux-gnu/4.9
Found candidate GCC installation: /usr/lib/gcc/i686-linux-gnu/4.9.3
Found candidate GCC installation: /usr/lib/gcc/i686-linux-gnu/5
Found candidate GCC installation: /usr/lib/gcc/i686-linux-gnu/5.4.0
... rest of stderr output deleted ...
configure:3173: $? = 0
configure:3162: /home/user/emsdk_portable/emscripten/master/emcc -V >&5
ERROR:root:no input files
note that input files without a known suffix are ignored, make sure your input files end with one of: ('.c', '.C', '.i', '.cpp', '.cxx', '.cc', '.c++', '.CPP', '.CXX', '.CC', '.C++', '.ii', '.m', '.mi', '.mm', '.mii', '/dev/null', '.bc', '.o', '.obj', '.lo', '.dylib', '.so', '.a', '.ll', '.h', '.hxx', '.hpp', '.hh', '.H', '.HXX', '.HPP', '.HH')
configure:3173: $? = 1
configure:3162: /home/user/emsdk_portable/emscripten/master/emcc -qversion >&5
ERROR:root:no input files
note that input files without a known suffix are ignored, make sure your input files end with one of: ('.c', '.C', '.i', '.cpp', '.cxx', '.cc', '.c++', '.CPP', '.CXX', '.CC', '.C++', '.ii', '.m', '.mi', '.mm', '.mii', '/dev/null', '.bc', '.o', '.obj', '.lo', '.dylib', '.so', '.a', '.ll', '.h', '.hxx', '.hpp', '.hh', '.H', '.HXX', '.HPP', '.HH')
configure:3173: $? = 1
configure:3193: checking whether the C compiler works
configure:3215: /home/user/emsdk_portable/emscripten/master/emcc -O3   conftest.c  >&5
configure:3219: $? = 0
configure:3267: result: yes
configure:3270: checking for C compiler default output file name
configure:3272: result: a.out
configure:3278: checking for suffix of executables
configure:3285: /home/user/emsdk_portable/emscripten/master/emcc -o conftest -O3   conftest.c  >&5
configure:3289: $? = 0
configure:3311: result: 
configure:3333: checking whether we are cross compiling
configure:3341: /home/user/emsdk_portable/emscripten/master/emcc -o conftest -O3   conftest.c  >&5
configure:3345: $? = 0
configure:3352: ./conftest
configure:3356: $? = 0
configure:3371: result: no
configure:3376: checking for suffix of object files
configure:3398: /home/user/emsdk_portable/emscripten/master/emcc -c -O3  conftest.c >&5
configure:3402: $? = 0
configure:3423: result: o
configure:3427: checking whether we are using the GNU C compiler
configure:3446: /home/user/emsdk_portable/emscripten/master/emcc -c -O3  conftest.c >&5
configure:3446: $? = 0
configure:3455: result: yes
configure:3464: checking whether /home/user/emsdk_portable/emscripten/master/emcc accepts -g
configure:3484: /home/user/emsdk_portable/emscripten/master/emcc -c -g  conftest.c >&5
configure:3484: $? = 0
configure:3525: result: yes
configure:3542: checking for /home/user/emsdk_portable/emscripten/master/emcc option to accept ISO C89
configure:3606: /home/user/emsdk_portable/emscripten/master/emcc  -c -O3  conftest.c >&5
configure:3606: $? = 0
configure:3619: result: none needed
configure:3639: checking for a sed that does not truncate output
configure:3703: result: /bin/sed
configure:3721: checking for grep that handles long lines and -e
configure:3779: result: /bin/grep
configure:3784: checking for egrep
configure:3846: result: /bin/grep -E
configure:3851: checking for fgrep
configure:3913: result: /bin/grep -F
configure:3948: checking for ld used by /home/user/emsdk_portable/emscripten/master/emcc
ERROR:root:no input files
note that input files without a known suffix are ignored, make sure your input files end with one of: ('.c', '.C', '.i', '.cpp', '.cxx', '.cc', '.c++', '.CPP', '.CXX', '.CC', '.C++', '.ii', '.m', '.mi', '.mm', '.mii', '/dev/null', '.bc', '.o', '.obj', '.lo', '.dylib', '.so', '.a', '.ll', '.h', '.hxx', '.hpp', '.hh', '.H', '.HXX', '.HPP', '.HH')
configure:4015: result: /home/user/emsdk_portable/emscripten/master/emcc
configure:4022: checking if the linker (/home/user/emsdk_portable/emscripten/master/emcc) is GNU ld
configure:4037: result: yes
configure:4049: checking for BSD- or MS-compatible name lister (nm)
configure:4098: result: /home/user/emsdk_portable/clang/fastcomp/build_master_64/bin/llvm-nm
configure:4228: checking the name lister (/home/user/emsdk_portable/clang/fastcomp/build_master_64/bin/llvm-nm) interface
configure:4235: /home/user/emsdk_portable/emscripten/master/emcc -c -O3  conftest.c >&5
configure:4238: /home/user/emsdk_portable/clang/fastcomp/build_master_64/bin/llvm-nm "conftest.o"
configure:4241: output
-------- D some_variable
configure:4248: result: BSD nm
configure:4251: checking whether ln -s works
configure:4255: result: yes
configure:4263: checking the maximum length of command line arguments
configure:4388: result: 1572864
configure:4405: checking whether the shell understands some XSI constructs
configure:4415: result: yes
configure:4419: checking whether the shell understands "+="
configure:4425: result: yes
configure:4460: checking how to convert x86_64-unknown-linux-gnu file names to x86_64-unknown-linux-gnu format
configure:4500: result: func_convert_file_noop
configure:4507: checking how to convert x86_64-unknown-linux-gnu file names to toolchain format
configure:4527: result: func_convert_file_noop
configure:4534: checking for /home/user/emsdk_portable/emscripten/master/emcc option to reload object files
configure:4541: result: -r
configure:4615: checking for objdump
configure:4642: result: objdump
configure:4671: checking how to recognize dependent libraries
configure:4873: result: pass_all
configure:4958: checking for dlltool
configure:4985: result: dlltool
configure:5015: checking how to associate runtime and link libraries
configure:5042: result: printf %s\n
configure:5167: checking for archiver @FILE support
configure:5184: /home/user/emsdk_portable/emscripten/master/emcc -c -O3  conftest.c >&5
configure:5184: $? = 0
configure:5187: /home/user/emsdk_portable/emscripten/master/emar cru libconftest.a @conftest.lst >&5
configure:5190: $? = 0
configure:5195: /home/user/emsdk_portable/emscripten/master/emar cru libconftest.a @conftest.lst >&5
/home/user/emsdk_portable/clang/fastcomp/build_master_64/bin/llvm-ar: conftest.o: No such file or directory.
configure:5198: $? = 0
configure:5210: result: no
configure:5268: checking for strip
configure:5284: found /usr/bin/strip
configure:5295: result: strip
configure:5367: checking for ranlib
configure:5394: result: /home/user/emsdk_portable/emscripten/master/emranlib
configure:5471: checking for gawk
configure:5487: found /usr/bin/gawk
configure:5498: result: gawk
configure:5538: checking command to parse /home/user/emsdk_portable/clang/fastcomp/build_master_64/bin/llvm-nm output from /home/user/emsdk_portable/emscripten/master/emcc object
configure:5657: /home/user/emsdk_portable/emscripten/master/emcc -c -O3  conftest.c >&5
configure:5660: $? = 0
configure:5664: /home/user/emsdk_portable/clang/fastcomp/build_master_64/bin/llvm-nm conftest.o \| sed -n -e 's/^.*[ ]\([BCDEGRST][BCDEGRST]*\)[ ][ ]*\([_A-Za-z][_A-Za-z0-9]*\)$/\1 \2 \2/p' | sed '/ __gnu_lto/d' \> conftest.nm
configure:5667: $? = 0
configure:5733: /home/user/emsdk_portable/emscripten/master/emcc -o conftest -O3   conftest.c conftstm.o >&5
configure:5736: $? = 0
configure:5774: result: ok
configure:5811: checking for sysroot
configure:5841: result: no
configure:5918: /home/user/emsdk_portable/emscripten/master/emcc -c -O3  conftest.c >&5
configure:5921: $? = 0
configure:6084: checking for mt
configure:6100: found /bin/mt
configure:6111: result: mt
configure:6134: checking if mt is a manifest tool
configure:6140: mt '-?'
configure:6148: result: no
configure:6780: checking how to run the C preprocessor
configure:6811: /home/user/emsdk_portable/emscripten/master/emcc -E  conftest.c
configure:6811: $? = 0
configure:6825: /home/user/emsdk_portable/emscripten/master/emcc -E  conftest.c
conftest.c:9:10: fatal error: 'ac_nonexistent.h' file not found
#include <ac_nonexistent.h>
         ^
1 error generated.
configure:6825: $? = 1
configure: failed program was:
| /* confdefs.h */
| #define PACKAGE_NAME "expat"
| #define PACKAGE_TARNAME "expat"
| #define PACKAGE_VERSION "2.1.0"
| #define PACKAGE_STRING "expat 2.1.0"
| #define PACKAGE_BUGREPORT "expat-bugs@libexpat.org"
| #define PACKAGE_URL ""
| /* end confdefs.h.  */
| #include <ac_nonexistent.h>
configure:6850: result: /home/user/emsdk_portable/emscripten/master/emcc -E
configure:6870: /home/user/emsdk_portable/emscripten/master/emcc -E  conftest.c
configure:6870: $? = 0
configure:6884: /home/user/emsdk_portable/emscripten/master/emcc -E  conftest.c
conftest.c:9:10: fatal error: 'ac_nonexistent.h' file not found
#include <ac_nonexistent.h>
         ^
1 error generated.
configure:6884: $? = 1
configure: failed program was:
| /* confdefs.h */
| #define PACKAGE_NAME "expat"
| #define PACKAGE_TARNAME "expat"
| #define PACKAGE_VERSION "2.1.0"
| #define PACKAGE_STRING "expat 2.1.0"
| #define PACKAGE_BUGREPORT "expat-bugs@libexpat.org"
| #define PACKAGE_URL ""
| /* end confdefs.h.  */
| #include <ac_nonexistent.h>
configure:6913: checking for ANSI C header files
configure:6933: /home/user/emsdk_portable/emscripten/master/emcc -c -O3  conftest.c >&5
configure:6933: $? = 0
configure:7006: /home/user/emsdk_portable/emscripten/master/emcc -o conftest -O3   conftest.c  >&5
configure:7006: $? = 0
configure:7006: ./conftest
configure:7006: $? = 0
configure:7017: result: yes
configure:7030: checking for sys/types.h
configure:7030: /home/user/emsdk_portable/emscripten/master/emcc -c -O3  conftest.c >&5
configure:7030: $? = 0
configure:7030: result: yes
configure:7030: checking for sys/stat.h
configure:7030: /home/user/emsdk_portable/emscripten/master/emcc -c -O3  conftest.c >&5
configure:7030: $? = 0
configure:7030: result: yes
configure:7030: checking for stdlib.h
configure:7030: /home/user/emsdk_portable/emscripten/master/emcc -c -O3  conftest.c >&5
configure:7030: $? = 0
configure:7030: result: yes
configure:7030: checking for string.h
configure:7030: /home/user/emsdk_portable/emscripten/master/emcc -c -O3  conftest.c >&5
configure:7030: $? = 0
configure:7030: result: yes
configure:7030: checking for memory.h
configure:7030: /home/user/emsdk_portable/emscripten/master/emcc -c -O3  conftest.c >&5
configure:7030: $? = 0
configure:7030: result: yes
configure:7030: checking for strings.h
configure:7030: /home/user/emsdk_portable/emscripten/master/emcc -c -O3  conftest.c >&5
configure:7030: $? = 0
configure:7030: result: yes
configure:7030: checking for inttypes.h
configure:7030: /home/user/emsdk_portable/emscripten/master/emcc -c -O3  conftest.c >&5
configure:7030: $? = 0
configure:7030: result: yes
configure:7030: checking for stdint.h
configure:7030: /home/user/emsdk_portable/emscripten/master/emcc -c -O3  conftest.c >&5
configure:7030: $? = 0
configure:7030: result: yes
configure:7030: checking for unistd.h
configure:7030: /home/user/emsdk_portable/emscripten/master/emcc -c -O3  conftest.c >&5
configure:7030: $? = 0
configure:7030: result: yes
configure:7044: checking for dlfcn.h
configure:7044: /home/user/emsdk_portable/emscripten/master/emcc -c -O3  conftest.c >&5
configure:7044: $? = 0
configure:7044: result: yes
configure:7229: checking for objdir
configure:7244: result: .libs
configure:7511: checking if /home/user/emsdk_portable/emscripten/master/emcc supports -fno-rtti -fno-exceptions
configure:7529: /home/user/emsdk_portable/emscripten/master/emcc -c -O3  -fno-rtti -fno-exceptions conftest.c >&5
configure:7533: $? = 0
configure:7546: result: yes
configure:7856: checking for /home/user/emsdk_portable/emscripten/master/emcc option to produce PIC
configure:7863: result: -fPIC -DPIC
configure:7871: checking if /home/user/emsdk_portable/emscripten/master/emcc PIC flag -fPIC -DPIC works
configure:7889: /home/user/emsdk_portable/emscripten/master/emcc -c -O3  -fPIC -DPIC -DPIC conftest.c >&5
configure:7893: $? = 0
configure:7906: result: yes
configure:7935: checking if /home/user/emsdk_portable/emscripten/master/emcc static flag -static works
configure:7963: result: yes
configure:7978: checking if /home/user/emsdk_portable/emscripten/master/emcc supports -c -o file.o
configure:7999: /home/user/emsdk_portable/emscripten/master/emcc -c -O3  -o out/conftest2.o conftest.c >&5
configure:8003: $? = 0
configure:8025: result: yes
configure:8033: checking if /home/user/emsdk_portable/emscripten/master/emcc supports -c -o file.o
configure:8080: result: yes
configure:8113: checking whether the /home/user/emsdk_portable/emscripten/master/emcc linker (/home/user/emsdk_portable/emscripten/master/emcc) supports shared libraries
configure:9275: result: yes
configure:9312: checking whether -lc should be explicitly linked in
configure:9320: /home/user/emsdk_portable/emscripten/master/emcc -c -O3  conftest.c >&5
configure:9323: $? = 0
configure:9338: /home/user/emsdk_portable/emscripten/master/emcc -shared  -fPIC -DPIC conftest.o  -v -Wl,-soname -Wl,conftest -o conftest 2\>\&1 \| /bin/grep  -lc  \>/dev/null 2\>\&1
configure:9341: $? = 1
configure:9355: result: yes
configure:9520: checking dynamic linker characteristics
configure:10035: /home/user/emsdk_portable/emscripten/master/emcc -o conftest -O3   -Wl,-rpath -Wl,/foo conftest.c  >&5
configure:10035: $? = 0
configure:10269: result: GNU/Linux ld.so
configure:10376: checking how to hardcode library paths into programs
configure:10401: result: immediate
configure:10941: checking whether stripping libraries is possible
configure:10946: result: yes
configure:10981: checking if libtool supports shared libraries
configure:10983: result: yes
configure:10986: checking whether to build shared libraries
configure:11007: result: yes
configure:11010: checking whether to build static libraries
configure:11014: result: yes
configure:11102: checking for gcc
configure:11129: result: /home/user/emsdk_portable/emscripten/master/emcc
configure:11358: checking for C compiler version
configure:11367: /home/user/emsdk_portable/emscripten/master/emcc --version >&5
emcc (Emscripten gcc/clang-like replacement) 1.37.0 (commit 6dc4ac5f9e4d8484e273e4dcc554f809738cedd6)
Copyright (C) 2014 the Emscripten authors (see AUTHORS.txt)
This is free and open source software under the MIT license.
There is NO warranty; not even for MERCHANTABILITY or FITNESS FOR A PARTICULAR PURPOSE.
  
configure:11378: $? = 0
configure:11367: /home/user/emsdk_portable/emscripten/master/emcc -v >&5
emcc (Emscripten gcc/clang-like replacement + linker emulating GNU ld) 1.37.0
clang version 3.9.0 (https://github.com/kripken/emscripten-fastcomp-clang/ 60a7e9a9c22b67309e5b1258d38fadfa481a25d3) (https://github.com/kripken/emscripten-fastcomp/ 881bd352731d21c7117ad7e2ece347aacae83965) (emscripten 1.37.0 : 1.37.0)
Target: x86_64-unknown-linux-gnu
Thread model: posix
InstalledDir: /home/user/emsdk_portable/clang/fastcomp/build_master_64/bin
Found candidate GCC installation: /usr/lib/gcc/i686-linux-gnu/4.8
Found candidate GCC installation: /usr/lib/gcc/i686-linux-gnu/4.8.5
Found candidate GCC installation: /usr/lib/gcc/i686-linux-gnu/4.9
Found candidate GCC installation: /usr/lib/gcc/i686-linux-gnu/4.9.3
Found candidate GCC installation: /usr/lib/gcc/i686-linux-gnu/5
Found candidate GCC installation: /usr/lib/gcc/i686-linux-gnu/5.4.0
... rest of stderr output deleted ...
configure:11378: $? = 0
configure:11367: /home/user/emsdk_portable/emscripten/master/emcc -V >&5
ERROR:root:no input files
note that input files without a known suffix are ignored, make sure your input files end with one of: ('.c', '.C', '.i', '.cpp', '.cxx', '.cc', '.c++', '.CPP', '.CXX', '.CC', '.C++', '.ii', '.m', '.mi', '.mm', '.mii', '/dev/null', '.bc', '.o', '.obj', '.lo', '.dylib', '.so', '.a', '.ll', '.h', '.hxx', '.hpp', '.hh', '.H', '.HXX', '.HPP', '.HH')
configure:11378: $? = 1
configure:11367: /home/user/emsdk_portable/emscripten/master/emcc -qversion >&5
ERROR:root:no input files
note that input files without a known suffix are ignored, make sure your input files end with one of: ('.c', '.C', '.i', '.cpp', '.cxx', '.cc', '.c++', '.CPP', '.CXX', '.CC', '.C++', '.ii', '.m', '.mi', '.mm', '.mii', '/dev/null', '.bc', '.o', '.obj', '.lo', '.dylib', '.so', '.a', '.ll', '.h', '.hxx', '.hpp', '.hh', '.H', '.HXX', '.HPP', '.HH')
configure:11378: $? = 1
configure:11382: checking whether we are using the GNU C compiler
configure:11410: result: yes
configure:11419: checking whether /home/user/emsdk_portable/emscripten/master/emcc accepts -g
configure:11480: result: yes
configure:11497: checking for /home/user/emsdk_portable/emscripten/master/emcc option to accept ISO C89
configure:11574: result: none needed
configure:11706: checking for C++ compiler version
configure:11715: /home/user/emsdk_portable/emscripten/master/em++ --version >&5
emcc (Emscripten gcc/clang-like replacement) 1.37.0 (commit 6dc4ac5f9e4d8484e273e4dcc554f809738cedd6)
Copyright (C) 2014 the Emscripten authors (see AUTHORS.txt)
This is free and open source software under the MIT license.
There is NO warranty; not even for MERCHANTABILITY or FITNESS FOR A PARTICULAR PURPOSE.
  
configure:11726: $? = 0
configure:11715: /home/user/emsdk_portable/emscripten/master/em++ -v >&5
emcc (Emscripten gcc/clang-like replacement + linker emulating GNU ld) 1.37.0
clang version 3.9.0 (https://github.com/kripken/emscripten-fastcomp-clang/ 60a7e9a9c22b67309e5b1258d38fadfa481a25d3) (https://github.com/kripken/emscripten-fastcomp/ 881bd352731d21c7117ad7e2ece347aacae83965) (emscripten 1.37.0 : 1.37.0)
Target: x86_64-unknown-linux-gnu
Thread model: posix
InstalledDir: /home/user/emsdk_portable/clang/fastcomp/build_master_64/bin
Found candidate GCC installation: /usr/lib/gcc/i686-linux-gnu/4.8
Found candidate GCC installation: /usr/lib/gcc/i686-linux-gnu/4.8.5
Found candidate GCC installation: /usr/lib/gcc/i686-linux-gnu/4.9
Found candidate GCC installation: /usr/lib/gcc/i686-linux-gnu/4.9.3
Found candidate GCC installation: /usr/lib/gcc/i686-linux-gnu/5
Found candidate GCC installation: /usr/lib/gcc/i686-linux-gnu/5.4.0
... rest of stderr output deleted ...
configure:11726: $? = 0
configure:11715: /home/user/emsdk_portable/emscripten/master/em++ -V >&5
ERROR:root:no input files
note that input files without a known suffix are ignored, make sure your input files end with one of: ('.c', '.C', '.i', '.cpp', '.cxx', '.cc', '.c++', '.CPP', '.CXX', '.CC', '.C++', '.ii', '.m', '.mi', '.mm', '.mii', '/dev/null', '.bc', '.o', '.obj', '.lo', '.dylib', '.so', '.a', '.ll', '.h', '.hxx', '.hpp', '.hh', '.H', '.HXX', '.HPP', '.HH')
configure:11726: $? = 1
configure:11715: /home/user/emsdk_portable/emscripten/master/em++ -qversion >&5
ERROR:root:no input files
note that input files without a known suffix are ignored, make sure your input files end with one of: ('.c', '.C', '.i', '.cpp', '.cxx', '.cc', '.c++', '.CPP', '.CXX', '.CC', '.C++', '.ii', '.m', '.mi', '.mm', '.mii', '/dev/null', '.bc', '.o', '.obj', '.lo', '.dylib', '.so', '.a', '.ll', '.h', '.hxx', '.hpp', '.hh', '.H', '.HXX', '.HPP', '.HH')
configure:11726: $? = 1
configure:11730: checking whether we are using the GNU C++ compiler
configure:11749: /home/user/emsdk_portable/emscripten/master/em++ -c   conftest.cpp >&5
configure:11749: $? = 0
configure:11758: result: yes
configure:11767: checking whether /home/user/emsdk_portable/emscripten/master/em++ accepts -g
configure:11787: /home/user/emsdk_portable/emscripten/master/em++ -c -g  conftest.cpp >&5
configure:11787: $? = 0
configure:11828: result: yes
configure:11869: checking how to run the C++ preprocessor
configure:11896: /home/user/emsdk_portable/emscripten/master/em++ -E  conftest.cpp
configure:11896: $? = 0
configure:11910: /home/user/emsdk_portable/emscripten/master/em++ -E  conftest.cpp
conftest.cpp:21:10: fatal error: 'ac_nonexistent.h' file not found
#include <ac_nonexistent.h>
         ^
1 error generated.
configure:11910: $? = 1
configure: failed program was:
| /* confdefs.h */
| #define PACKAGE_NAME "expat"
| #define PACKAGE_TARNAME "expat"
| #define PACKAGE_VERSION "2.1.0"
| #define PACKAGE_STRING "expat 2.1.0"
| #define PACKAGE_BUGREPORT "expat-bugs@libexpat.org"
| #define PACKAGE_URL ""
| #define STDC_HEADERS 1
| #define HAVE_SYS_TYPES_H 1
| #define HAVE_SYS_STAT_H 1
| #define HAVE_STDLIB_H 1
| #define HAVE_STRING_H 1
| #define HAVE_MEMORY_H 1
| #define HAVE_STRINGS_H 1
| #define HAVE_INTTYPES_H 1
| #define HAVE_STDINT_H 1
| #define HAVE_UNISTD_H 1
| #define HAVE_DLFCN_H 1
| #define LT_OBJDIR ".libs/"
| /* end confdefs.h.  */
| #include <ac_nonexistent.h>
configure:11935: result: /home/user/emsdk_portable/emscripten/master/em++ -E
configure:11955: /home/user/emsdk_portable/emscripten/master/em++ -E  conftest.cpp
configure:11955: $? = 0
configure:11969: /home/user/emsdk_portable/emscripten/master/em++ -E  conftest.cpp
conftest.cpp:21:10: fatal error: 'ac_nonexistent.h' file not found
#include <ac_nonexistent.h>
         ^
1 error generated.
configure:11969: $? = 1
configure: failed program was:
| /* confdefs.h */
| #define PACKAGE_NAME "expat"
| #define PACKAGE_TARNAME "expat"
| #define PACKAGE_VERSION "2.1.0"
| #define PACKAGE_STRING "expat 2.1.0"
| #define PACKAGE_BUGREPORT "expat-bugs@libexpat.org"
| #define PACKAGE_URL ""
| #define STDC_HEADERS 1
| #define HAVE_SYS_TYPES_H 1
| #define HAVE_SYS_STAT_H 1
| #define HAVE_STDLIB_H 1
| #define HAVE_STRING_H 1
| #define HAVE_MEMORY_H 1
| #define HAVE_STRINGS_H 1
| #define HAVE_INTTYPES_H 1
| #define HAVE_STDINT_H 1
| #define HAVE_UNISTD_H 1
| #define HAVE_DLFCN_H 1
| #define LT_OBJDIR ".libs/"
| /* end confdefs.h.  */
| #include <ac_nonexistent.h>
configure:12139: checking for ld used by /home/user/emsdk_portable/emscripten/master/em++
ERROR:root:no input files
note that input files without a known suffix are ignored, make sure your input files end with one of: ('.c', '.C', '.i', '.cpp', '.cxx', '.cc', '.c++', '.CPP', '.CXX', '.CC', '.C++', '.ii', '.m', '.mi', '.mm', '.mii', '/dev/null', '.bc', '.o', '.obj', '.lo', '.dylib', '.so', '.a', '.ll', '.h', '.hxx', '.hpp', '.hh', '.H', '.HXX', '.HPP', '.HH')
configure:12206: result: /home/user/emsdk_portable/emscripten/master/emcc
configure:12213: checking if the linker (/home/user/emsdk_portable/emscripten/master/emcc) is GNU ld
configure:12228: result: yes
configure:12283: checking whether the /home/user/emsdk_portable/emscripten/master/em++ linker (/home/user/emsdk_portable/emscripten/master/emcc) supports shared libraries
configure:13287: result: yes
configure:13322: /home/user/emsdk_portable/emscripten/master/em++ -c -g -O2  conftest.cpp >&5
configure:13325: $? = 0
configure:13845: checking for /home/user/emsdk_portable/emscripten/master/em++ option to produce PIC
configure:13852: result: -fPIC -DPIC
configure:13860: checking if /home/user/emsdk_portable/emscripten/master/em++ PIC flag -fPIC -DPIC works
configure:13878: /home/user/emsdk_portable/emscripten/master/em++ -c -g -O2  -fPIC -DPIC -DPIC conftest.cpp >&5
configure:13882: $? = 0
configure:13895: result: yes
configure:13918: checking if /home/user/emsdk_portable/emscripten/master/em++ static flag -static works
configure:13946: result: yes
configure:13958: checking if /home/user/emsdk_portable/emscripten/master/em++ supports -c -o file.o
configure:13979: /home/user/emsdk_portable/emscripten/master/em++ -c -g -O2  -o out/conftest2.o conftest.cpp >&5
configure:13983: $? = 0
configure:14005: result: yes
configure:14010: checking if /home/user/emsdk_portable/emscripten/master/em++ supports -c -o file.o
configure:14057: result: yes
configure:14087: checking whether the /home/user/emsdk_portable/emscripten/master/em++ linker (/home/user/emsdk_portable/emscripten/master/emcc) supports shared libraries
configure:14124: result: yes
configure:14267: checking dynamic linker characteristics
configure:14950: result: GNU/Linux ld.so
configure:15003: checking how to hardcode library paths into programs
configure:15028: result: immediate
configure:15082: checking for a BSD-compatible install
configure:15150: result: /usr/bin/install -c
configure:15165: checking whether /home/user/emsdk_portable/emscripten/master/emcc accepts -fexceptions
configure:15178: /home/user/emsdk_portable/emscripten/master/emcc -o conftest -O3 -Wall -Wmissing-prototypes -Wstrict-prototypes -fexceptions   conftest.c  >&5
configure:15178: $? = 0
configure:15179: result: yes
configure:15190: checking for ANSI C header files
configure:15294: result: yes
configure:15304: checking whether byte ordering is bigendian
configure:15326: /home/user/emsdk_portable/emscripten/master/emcc -c -O3 -Wall -Wmissing-prototypes -Wstrict-prototypes -fexceptions  conftest.c >&5
configure:15326: $? = 0
configure:15343: /home/user/emsdk_portable/emscripten/master/emcc -c -O3 -Wall -Wmissing-prototypes -Wstrict-prototypes -fexceptions  conftest.c >&5
conftest.c:29:2: error: use of undeclared identifier 'not'
 not big endian
 ^
1 error generated.
ERROR:root:compiler frontend failed to generate LLVM bitcode, halting
configure:15343: $? = 1
configure: failed program was:
| /* confdefs.h */
| #define PACKAGE_NAME "expat"
| #define PACKAGE_TARNAME "expat"
| #define PACKAGE_VERSION "2.1.0"
| #define PACKAGE_STRING "expat 2.1.0"
| #define PACKAGE_BUGREPORT "expat-bugs@libexpat.org"
| #define PACKAGE_URL ""
| #define STDC_HEADERS 1
| #define HAVE_SYS_TYPES_H 1
| #define HAVE_SYS_STAT_H 1
| #define HAVE_STDLIB_H 1
| #define HAVE_STRING_H 1
| #define HAVE_MEMORY_H 1
| #define HAVE_STRINGS_H 1
| #define HAVE_INTTYPES_H 1
| #define HAVE_STDINT_H 1
| #define HAVE_UNISTD_H 1
| #define HAVE_DLFCN_H 1
| #define LT_OBJDIR ".libs/"
| #define STDC_HEADERS 1
| /* end confdefs.h.  */
| #include <sys/types.h>
| #include <sys/param.h>
| int
| main ()
| {
| 
| #if BYTE_ORDER != BIG_ENDIAN
|  not big endian
| #endif
|   ;
|   return 0;
| }
configure:15379: result: no
configure:15432: checking for an ANSI C-conforming const
configure:15497: /home/user/emsdk_portable/emscripten/master/emcc -c -O3 -Wall -Wmissing-prototypes -Wstrict-prototypes -fexceptions  conftest.c >&5
conftest.c:68:18: warning: variable 'b' is uninitialized when used here [-Wuninitialized]
    struct s *b; b->j = 5;
                 ^
conftest.c:68:16: note: initialize the variable 'b' to silence this warning
    struct s *b; b->j = 5;
               ^
                = 0
conftest.c:52:6: warning: variable 't' is uninitialized when used here [-Wuninitialized]
    *t++ = 0;
     ^
conftest.c:49:12: note: initialize the variable 't' to silence this warning
    char *t;
           ^
            = 0
2 warnings generated.
configure:15497: $? = 0
configure:15504: result: yes
configure:15512: checking for size_t
configure:15512: /home/user/emsdk_portable/emscripten/master/emcc -c -O3 -Wall -Wmissing-prototypes -Wstrict-prototypes -fexceptions  conftest.c >&5
configure:15512: $? = 0
configure:15512: /home/user/emsdk_portable/emscripten/master/emcc -c -O3 -Wall -Wmissing-prototypes -Wstrict-prototypes -fexceptions  conftest.c >&5
conftest.c:59:21: error: expected expression
if (sizeof ((size_t)))
                    ^
1 error generated.
ERROR:root:compiler frontend failed to generate LLVM bitcode, halting
configure:15512: $? = 1
configure: failed program was:
| /* confdefs.h */
| #define PACKAGE_NAME "expat"
| #define PACKAGE_TARNAME "expat"
| #define PACKAGE_VERSION "2.1.0"
| #define PACKAGE_STRING "expat 2.1.0"
| #define PACKAGE_BUGREPORT "expat-bugs@libexpat.org"
| #define PACKAGE_URL ""
| #define STDC_HEADERS 1
| #define HAVE_SYS_TYPES_H 1
| #define HAVE_SYS_STAT_H 1
| #define HAVE_STDLIB_H 1
| #define HAVE_STRING_H 1
| #define HAVE_MEMORY_H 1
| #define HAVE_STRINGS_H 1
| #define HAVE_INTTYPES_H 1
| #define HAVE_STDINT_H 1
| #define HAVE_UNISTD_H 1
| #define HAVE_DLFCN_H 1
| #define LT_OBJDIR ".libs/"
| #define STDC_HEADERS 1
| #define BYTEORDER 1234
| /* end confdefs.h.  */
| #include <stdio.h>
| #ifdef HAVE_SYS_TYPES_H
| # include <sys/types.h>
| #endif
| #ifdef HAVE_SYS_STAT_H
| # include <sys/stat.h>
| #endif
| #ifdef STDC_HEADERS
| # include <stdlib.h>
| # include <stddef.h>
| #else
| # ifdef HAVE_STDLIB_H
| #  include <stdlib.h>
| # endif
| #endif
| #ifdef HAVE_STRING_H
| # if !defined STDC_HEADERS && defined HAVE_MEMORY_H
| #  include <memory.h>
| # endif
| # include <string.h>
| #endif
| #ifdef HAVE_STRINGS_H
| # include <strings.h>
| #endif
| #ifdef HAVE_INTTYPES_H
| # include <inttypes.h>
| #endif
| #ifdef HAVE_STDINT_H
| # include <stdint.h>
| #endif
| #ifdef HAVE_UNISTD_H
| # include <unistd.h>
| #endif
| int
| main ()
| {
| if (sizeof ((size_t)))
| 	    return 0;
|   ;
|   return 0;
| }
configure:15512: result: yes
configure:15526: checking for memmove
configure:15526: /home/user/emsdk_portable/emscripten/master/emcc -o conftest -O3 -Wall -Wmissing-prototypes -Wstrict-prototypes -fexceptions   conftest.c  >&5
conftest.c:46:6: warning: incompatible redeclaration of library function 'memmove' [-Wincompatible-library-redeclaration]
char memmove ();
     ^
conftest.c:46:6: note: 'memmove' is a builtin with type 'void *(void *, const void *, unsigned int)'
1 warning generated.
configure:15526: $? = 0
configure:15526: result: yes
configure:15526: checking for bcopy
configure:15526: /home/user/emsdk_portable/emscripten/master/emcc -o conftest -O3 -Wall -Wmissing-prototypes -Wstrict-prototypes -fexceptions   conftest.c  >&5
configure:15526: $? = 0
configure:15526: result: yes
configure:15539: checking fcntl.h usability
configure:15539: /home/user/emsdk_portable/emscripten/master/emcc -c -O3 -Wall -Wmissing-prototypes -Wstrict-prototypes -fexceptions  conftest.c >&5
configure:15539: $? = 0
configure:15539: result: yes
configure:15539: checking fcntl.h presence
configure:15539: /home/user/emsdk_portable/emscripten/master/emcc -E  conftest.c
configure:15539: $? = 0
configure:15539: result: yes
configure:15539: checking for fcntl.h
configure:15539: result: yes
configure:15539: checking for unistd.h
configure:15539: result: yes
configure:15549: checking for off_t
configure:15549: /home/user/emsdk_portable/emscripten/master/emcc -c -O3 -Wall -Wmissing-prototypes -Wstrict-prototypes -fexceptions  conftest.c >&5
configure:15549: $? = 0
configure:15549: /home/user/emsdk_portable/emscripten/master/emcc -c -O3 -Wall -Wmissing-prototypes -Wstrict-prototypes -fexceptions  conftest.c >&5
conftest.c:63:20: error: expected expression
if (sizeof ((off_t)))
                   ^
1 error generated.
ERROR:root:compiler frontend failed to generate LLVM bitcode, halting
configure:15549: $? = 1
configure: failed program was:
| /* confdefs.h */
| #define PACKAGE_NAME "expat"
| #define PACKAGE_TARNAME "expat"
| #define PACKAGE_VERSION "2.1.0"
| #define PACKAGE_STRING "expat 2.1.0"
| #define PACKAGE_BUGREPORT "expat-bugs@libexpat.org"
| #define PACKAGE_URL ""
| #define STDC_HEADERS 1
| #define HAVE_SYS_TYPES_H 1
| #define HAVE_SYS_STAT_H 1
| #define HAVE_STDLIB_H 1
| #define HAVE_STRING_H 1
| #define HAVE_MEMORY_H 1
| #define HAVE_STRINGS_H 1
| #define HAVE_INTTYPES_H 1
| #define HAVE_STDINT_H 1
| #define HAVE_UNISTD_H 1
| #define HAVE_DLFCN_H 1
| #define LT_OBJDIR ".libs/"
| #define STDC_HEADERS 1
| #define BYTEORDER 1234
| #define HAVE_MEMMOVE 1
| #define HAVE_BCOPY 1
| #define HAVE_FCNTL_H 1
| #define HAVE_UNISTD_H 1
| /* end confdefs.h.  */
| #include <stdio.h>
| #ifdef HAVE_SYS_TYPES_H
| # include <sys/types.h>
| #endif
| #ifdef HAVE_SYS_STAT_H
| # include <sys/stat.h>
| #endif
| #ifdef STDC_HEADERS
| # include <stdlib.h>
| # include <stddef.h>
| #else
| # ifdef HAVE_STDLIB_H
| #  include <stdlib.h>
| # endif
| #endif
| #ifdef HAVE_STRING_H
| # if !defined STDC_HEADERS && defined HAVE_MEMORY_H
| #  include <memory.h>
| # endif
| # include <string.h>
| #endif
| #ifdef HAVE_STRINGS_H
| # include <strings.h>
| #endif
| #ifdef HAVE_INTTYPES_H
| # include <inttypes.h>
| #endif
| #ifdef HAVE_STDINT_H
| # include <stdint.h>
| #endif
| #ifdef HAVE_UNISTD_H
| # include <unistd.h>
| #endif
| int
| main ()
| {
| if (sizeof ((off_t)))
| 	    return 0;
|   ;
|   return 0;
| }
configure:15549: result: yes
configure:15566: checking for stdlib.h
configure:15566: result: yes
configure:15566: checking for unistd.h
configure:15566: result: yes
configure:15566: checking for sys/param.h
configure:15566: /home/user/emsdk_portable/emscripten/master/emcc -c -O3 -Wall -Wmissing-prototypes -Wstrict-prototypes -fexceptions  conftest.c >&5
configure:15566: $? = 0
configure:15566: result: yes
configure:15586: checking for getpagesize
configure:15586: /home/user/emsdk_portable/emscripten/master/emcc -o conftest -O3 -Wall -Wmissing-prototypes -Wstrict-prototypes -fexceptions   conftest.c  >&5
configure:15586: $? = 0
configure:15586: result: yes
configure:15595: checking for working mmap
configure:15742: /home/user/emsdk_portable/emscripten/master/emcc -o conftest -O3 -Wall -Wmissing-prototypes -Wstrict-prototypes -fexceptions   conftest.c  >&5
configure:15742: $? = 0
configure:15742: ./conftest
configure:15742: $? = 7
configure: program exited with status 7
configure: failed program was:
| /* confdefs.h */
| #define PACKAGE_NAME "expat"
| #define PACKAGE_TARNAME "expat"
| #define PACKAGE_VERSION "2.1.0"
| #define PACKAGE_STRING "expat 2.1.0"
| #define PACKAGE_BUGREPORT "expat-bugs@libexpat.org"
| #define PACKAGE_URL ""
| #define STDC_HEADERS 1
| #define HAVE_SYS_TYPES_H 1
| #define HAVE_SYS_STAT_H 1
| #define HAVE_STDLIB_H 1
| #define HAVE_STRING_H 1
| #define HAVE_MEMORY_H 1
| #define HAVE_STRINGS_H 1
| #define HAVE_INTTYPES_H 1
| #define HAVE_STDINT_H 1
| #define HAVE_UNISTD_H 1
| #define HAVE_DLFCN_H 1
| #define LT_OBJDIR ".libs/"
| #define STDC_HEADERS 1
| #define BYTEORDER 1234
| #define HAVE_MEMMOVE 1
| #define HAVE_BCOPY 1
| #define HAVE_FCNTL_H 1
| #define HAVE_UNISTD_H 1
| #define HAVE_STDLIB_H 1
| #define HAVE_UNISTD_H 1
| #define HAVE_SYS_PARAM_H 1
| #define HAVE_GETPAGESIZE 1
| /* end confdefs.h.  */
| #include <stdio.h>
| #ifdef HAVE_SYS_TYPES_H
| # include <sys/types.h>
| #endif
| #ifdef HAVE_SYS_STAT_H
| # include <sys/stat.h>
| #endif
| #ifdef STDC_HEADERS
| # include <stdlib.h>
| # include <stddef.h>
| #else
| # ifdef HAVE_STDLIB_H
| #  include <stdlib.h>
| # endif
| #endif
| #ifdef HAVE_STRING_H
| # if !defined STDC_HEADERS && defined HAVE_MEMORY_H
| #  include <memory.h>
| # endif
| # include <string.h>
| #endif
| #ifdef HAVE_STRINGS_H
| # include <strings.h>
| #endif
| #ifdef HAVE_INTTYPES_H
| # include <inttypes.h>
| #endif
| #ifdef HAVE_STDINT_H
| # include <stdint.h>
| #endif
| #ifdef HAVE_UNISTD_H
| # include <unistd.h>
| #endif
| /* malloc might have been renamed as rpl_malloc. */
| #undef malloc
| 
| /* Thanks to Mike Haertel and Jim Avera for this test.
|    Here is a matrix of mmap possibilities:
| 	mmap private not fixed
| 	mmap private fixed at somewhere currently unmapped
| 	mmap private fixed at somewhere already mapped
| 	mmap shared not fixed
| 	mmap shared fixed at somewhere currently unmapped
| 	mmap shared fixed at somewhere already mapped
|    For private mappings, we should verify that changes cannot be read()
|    back from the file, nor mmap's back from the file at a different
|    address.  (There have been systems where private was not correctly
|    implemented like the infamous i386 svr4.0, and systems where the
|    VM page cache was not coherent with the file system buffer cache
|    like early versions of FreeBSD and possibly contemporary NetBSD.)
|    For shared mappings, we should conversely verify that changes get
|    propagated back to all the places they're supposed to be.
| 
|    Grep wants private fixed already mapped.
|    The main things grep needs to know about mmap are:
|    * does it exist and is it safe to write into the mmap'd area
|    * how to use it (BSD variants)  */
| 
| #include <fcntl.h>
| #include <sys/mman.h>
| 
| #if !defined STDC_HEADERS && !defined HAVE_STDLIB_H
| char *malloc ();
| #endif
| 
| /* This mess was copied from the GNU getpagesize.h.  */
| #ifndef HAVE_GETPAGESIZE
| # ifdef _SC_PAGESIZE
| #  define getpagesize() sysconf(_SC_PAGESIZE)
| # else /* no _SC_PAGESIZE */
| #  ifdef HAVE_SYS_PARAM_H
| #   include <sys/param.h>
| #   ifdef EXEC_PAGESIZE
| #    define getpagesize() EXEC_PAGESIZE
| #   else /* no EXEC_PAGESIZE */
| #    ifdef NBPG
| #     define getpagesize() NBPG * CLSIZE
| #     ifndef CLSIZE
| #      define CLSIZE 1
| #     endif /* no CLSIZE */
| #    else /* no NBPG */
| #     ifdef NBPC
| #      define getpagesize() NBPC
| #     else /* no NBPC */
| #      ifdef PAGESIZE
| #       define getpagesize() PAGESIZE
| #      endif /* PAGESIZE */
| #     endif /* no NBPC */
| #    endif /* no NBPG */
| #   endif /* no EXEC_PAGESIZE */
| #  else /* no HAVE_SYS_PARAM_H */
| #   define getpagesize() 8192	/* punt totally */
| #  endif /* no HAVE_SYS_PARAM_H */
| # endif /* no _SC_PAGESIZE */
| 
| #endif /* no HAVE_GETPAGESIZE */
| 
| int
| main ()
| {
|   char *data, *data2, *data3;
|   const char *cdata2;
|   int i, pagesize;
|   int fd, fd2;
| 
|   pagesize = getpagesize ();
| 
|   /* First, make a file with some known garbage in it. */
|   data = (char *) malloc (pagesize);
|   if (!data)
|     return 1;
|   for (i = 0; i < pagesize; ++i)
|     *(data + i) = rand ();
|   umask (0);
|   fd = creat ("conftest.mmap", 0600);
|   if (fd < 0)
|     return 2;
|   if (write (fd, data, pagesize) != pagesize)
|     return 3;
|   close (fd);
| 
|   /* Next, check that the tail of a page is zero-filled.  File must have
|      non-zero length, otherwise we risk SIGBUS for entire page.  */
|   fd2 = open ("conftest.txt", O_RDWR | O_CREAT | O_TRUNC, 0600);
|   if (fd2 < 0)
|     return 4;
|   cdata2 = "";
|   if (write (fd2, cdata2, 1) != 1)
|     return 5;
|   data2 = (char *) mmap (0, pagesize, PROT_READ | PROT_WRITE, MAP_SHARED, fd2, 0L);
|   if (data2 == MAP_FAILED)
|     return 6;
|   for (i = 0; i < pagesize; ++i)
|     if (*(data2 + i))
|       return 7;
|   close (fd2);
|   if (munmap (data2, pagesize))
|     return 8;
| 
|   /* Next, try to mmap the file at a fixed address which already has
|      something else allocated at it.  If we can, also make sure that
|      we see the same garbage.  */
|   fd = open ("conftest.mmap", O_RDWR);
|   if (fd < 0)
|     return 9;
|   if (data2 != mmap (data2, pagesize, PROT_READ | PROT_WRITE,
| 		     MAP_PRIVATE | MAP_FIXED, fd, 0L))
|     return 10;
|   for (i = 0; i < pagesize; ++i)
|     if (*(data + i) != *(data2 + i))
|       return 11;
| 
|   /* Finally, make sure that changes to the mapped area do not
|      percolate back to the file as seen by read().  (This is a bug on
|      some variants of i386 svr4.0.)  */
|   for (i = 0; i < pagesize; ++i)
|     *(data2 + i) = *(data2 + i) + 1;
|   data3 = (char *) malloc (pagesize);
|   if (!data3)
|     return 12;
|   if (read (fd, data3, pagesize) != pagesize)
|     return 13;
|   for (i = 0; i < pagesize; ++i)
|     if (*(data + i) != *(data3 + i))
|       return 14;
|   close (fd);
|   return 0;
| }
configure:15752: result: no
configure:15781: checking for /home/user/emsdk_portable/emscripten/master/emcc option to accept ISO C99
configure:15930: /home/user/emsdk_portable/emscripten/master/emcc  -c -O3 -Wall -Wmissing-prototypes -Wstrict-prototypes -fexceptions  conftest.c >&5
configure:15930: $? = 0
configure:15943: result: none needed
configure:16052: checking for /home/user/emsdk_portable/emscripten/master/emcc option to accept ISO Standard C
configure:16063: result: none needed
configure:16070: checking for an ANSI C99-conforming __func__
configure:16086: /home/user/emsdk_portable/emscripten/master/emcc -c -O3 -Wall -Wmissing-prototypes -Wstrict-prototypes -fexceptions  conftest.c >&5
conftest.c:35:7: warning: initializing 'char *' with an expression of type 'const char [5]' discards qualifiers [-Wincompatible-pointer-types-discards-qualifiers]
char *foo = __func__;
      ^     ~~~~~~~~
conftest.c:35:7: warning: unused variable 'foo' [-Wunused-variable]
2 warnings generated.
configure:16086: $? = 0
configure:16109: result: yes
configure:16249: creating ./config.status

## ---------------------- ##
## Running config.status. ##
## ---------------------- ##

This file was extended by expat config.status 2.1.0, which was
generated by GNU Autoconf 2.68.  Invocation command line was

  CONFIG_FILES    = 
  CONFIG_HEADERS  = 
  CONFIG_LINKS    = 
  CONFIG_COMMANDS = 
  $ ./config.status 

on ubuntu

config.status:1131: creating Makefile
config.status:1234: WARNING:  'Makefile.in' seems to ignore the --datarootdir setting
config.status:1131: creating expat.pc
config.status:1131: creating expat_config.h
config.status:1306: expat_config.h is unchanged
config.status:1320: executing libtool commands

## ---------------- ##
## Cache variables. ##
## ---------------- ##

ac_cv_build=x86_64-unknown-linux-gnu
ac_cv_c_bigendian=no
ac_cv_c_compiler_gnu=yes
ac_cv_c_const=yes
ac_cv_cpp_func=yes
ac_cv_cxx_compiler_gnu=yes
ac_cv_env_CCC_set=
ac_cv_env_CCC_value=
ac_cv_env_CC_set=set
ac_cv_env_CC_value=/home/user/emsdk_portable/emscripten/master/emcc
ac_cv_env_CFLAGS_set=set
ac_cv_env_CFLAGS_value=-O3
ac_cv_env_CPPFLAGS_set=
ac_cv_env_CPPFLAGS_value=
ac_cv_env_CPP_set=
ac_cv_env_CPP_value=
ac_cv_env_CXXCPP_set=
ac_cv_env_CXXCPP_value=
ac_cv_env_CXXFLAGS_set=
ac_cv_env_CXXFLAGS_value=
ac_cv_env_CXX_set=set
ac_cv_env_CXX_value=/home/user/emsdk_portable/emscripten/master/em++
ac_cv_env_LDFLAGS_set=
ac_cv_env_LDFLAGS_value=
ac_cv_env_LIBS_set=
ac_cv_env_LIBS_value=
ac_cv_env_build_alias_set=
ac_cv_env_build_alias_value=
ac_cv_env_host_alias_set=
ac_cv_env_host_alias_value=
ac_cv_env_target_alias_set=
ac_cv_env_target_alias_value=
ac_cv_func_bcopy=yes
ac_cv_func_getpagesize=yes
ac_cv_func_memmove=yes
ac_cv_func_mmap_fixed_mapped=no
ac_cv_header_dlfcn_h=yes
ac_cv_header_fcntl_h=yes
ac_cv_header_inttypes_h=yes
ac_cv_header_memory_h=yes
ac_cv_header_stdc=yes
ac_cv_header_stdint_h=yes
ac_cv_header_stdlib_h=yes
ac_cv_header_string_h=yes
ac_cv_header_strings_h=yes
ac_cv_header_sys_param_h=yes
ac_cv_header_sys_stat_h=yes
ac_cv_header_sys_types_h=yes
ac_cv_header_unistd_h=yes
ac_cv_host=x86_64-unknown-linux-gnu
ac_cv_objext=o
ac_cv_path_EGREP='/bin/grep -E'
ac_cv_path_FGREP='/bin/grep -F'
ac_cv_path_GREP=/bin/grep
ac_cv_path_SED=/bin/sed
ac_cv_path_install='/usr/bin/install -c'
ac_cv_prog_AWK=gawk
ac_cv_prog_CPP='/home/user/emsdk_portable/emscripten/master/emcc -E'
ac_cv_prog_CXXCPP='/home/user/emsdk_portable/emscripten/master/em++ -E'
ac_cv_prog_ac_ct_CC=/home/user/emsdk_portable/emscripten/master/emcc
ac_cv_prog_ac_ct_DLLTOOL=dlltool
ac_cv_prog_ac_ct_MANIFEST_TOOL=mt
ac_cv_prog_ac_ct_OBJDUMP=objdump
ac_cv_prog_ac_ct_RANLIB=/home/user/emsdk_portable/emscripten/master/emranlib
ac_cv_prog_ac_ct_STRIP=strip
ac_cv_prog_cc_c89=
ac_cv_prog_cc_c99=
ac_cv_prog_cc_g=yes
ac_cv_prog_cc_stdc=
ac_cv_prog_cxx_g=yes
ac_cv_type_off_t=yes
ac_cv_type_size_t=yes
lt_cv_ar_at_file=no
lt_cv_archive_cmds_need_lc=yes
lt_cv_deplibs_check_method=pass_all
lt_cv_file_magic_cmd='$MAGIC_CMD'
lt_cv_file_magic_test_file=
lt_cv_ld_reload_flag=-r
lt_cv_nm_interface='BSD nm'
lt_cv_objdir=.libs
lt_cv_path_LD=/home/user/emsdk_portable/emscripten/master/emcc
lt_cv_path_LDCXX=/home/user/emsdk_portable/emscripten/master/emcc
lt_cv_path_NM=/home/user/emsdk_portable/clang/fastcomp/build_master_64/bin/llvm-nm
lt_cv_path_mainfest_tool=no
lt_cv_prog_compiler_c_o=yes
lt_cv_prog_compiler_c_o_CXX=yes
lt_cv_prog_compiler_pic='-fPIC -DPIC'
lt_cv_prog_compiler_pic_CXX='-fPIC -DPIC'
lt_cv_prog_compiler_pic_works=yes
lt_cv_prog_compiler_pic_works_CXX=yes
lt_cv_prog_compiler_rtti_exceptions=yes
lt_cv_prog_compiler_static_works=yes
lt_cv_prog_compiler_static_works_CXX=yes
lt_cv_prog_gnu_ld=yes
lt_cv_prog_gnu_ldcxx=yes
lt_cv_sharedlib_from_linklib_cmd='printf %s\n'
lt_cv_shlibpath_overrides_runpath=no
lt_cv_sys_global_symbol_pipe='sed -n -e '\''s/^.*[	 ]\([BCDEGRST][BCDEGRST]*\)[	 ][	 ]*\([_A-Za-z][_A-Za-z0-9]*\)$/\1 \2 \2/p'\'' | sed '\''/ __gnu_lto/d'\'''
lt_cv_sys_global_symbol_to_c_name_address='sed -n -e '\''s/^: \([^ ]*\)[ ]*$/  {\"\1\", (void *) 0},/p'\'' -e '\''s/^[BCDEGRST]* \([^ ]*\) \([^ ]*\)$/  {"\2", (void *) \&\2},/p'\'''
lt_cv_sys_global_symbol_to_c_name_address_lib_prefix='sed -n -e '\''s/^: \([^ ]*\)[ ]*$/  {\"\1\", (void *) 0},/p'\'' -e '\''s/^[BCDEGRST]* \([^ ]*\) \(lib[^ ]*\)$/  {"\2", (void *) \&\2},/p'\'' -e '\''s/^[BCDEGRST]* \([^ ]*\) \([^ ]*\)$/  {"lib\2", (void *) \&\2},/p'\'''
lt_cv_sys_global_symbol_to_cdecl='sed -n -e '\''s/^T .* \(.*\)$/extern int \1();/p'\'' -e '\''s/^[BCDEGRST]* .* \(.*\)$/extern char \1;/p'\'''
lt_cv_sys_max_cmd_len=1572864
lt_cv_to_host_file_cmd=func_convert_file_noop
lt_cv_to_tool_file_cmd=func_convert_file_noop

## ----------------- ##
## Output variables. ##
## ----------------- ##

AR='/home/user/emsdk_portable/emscripten/master/emar'
AS='as'
AWK='gawk'
CC='/home/user/emsdk_portable/emscripten/master/emcc'
CFLAGS='-O3 -Wall -Wmissing-prototypes -Wstrict-prototypes -fexceptions'
CPP='/home/user/emsdk_portable/emscripten/master/emcc -E'
CPPFLAGS=''
CXX='/home/user/emsdk_portable/emscripten/master/em++'
CXXCPP='/home/user/emsdk_portable/emscripten/master/em++ -E'
CXXFLAGS='-O3 -Wall -fexceptions'
DEFS='-DHAVE_CONFIG_H'
DLLTOOL='dlltool'
DSYMUTIL=''
DUMPBIN=''
ECHO_C=''
ECHO_N='-n'
ECHO_T=''
EGREP='/bin/grep -E'
EXEEXT=''
FGREP='/bin/grep -F'
FILEMAP='readfilemap'
GREP='/bin/grep'
INSTALL_DATA='${INSTALL} -m 644'
INSTALL_PROGRAM='${INSTALL}'
INSTALL_SCRIPT='${INSTALL}'
LD='/home/user/emsdk_portable/emscripten/master/emcc'
LDFLAGS=''
LIBAGE='6'
LIBCURRENT='7'
LIBOBJS=''
LIBREVISION='0'
LIBS=''
LIBTOOL='$(SHELL) $(top_builddir)/libtool'
LIPO=''
LN_S='ln -s'
LTLIBOBJS=''
MANIFEST_TOOL=':'
NM='/home/user/emsdk_portable/clang/fastcomp/build_master_64/bin/llvm-nm'
NMEDIT=''
OBJDUMP='objdump'
OBJEXT='o'
OTOOL64=''
OTOOL=''
PACKAGE_BUGREPORT='expat-bugs@libexpat.org'
PACKAGE_NAME='expat'
PACKAGE_STRING='expat 2.1.0'
PACKAGE_TARNAME='expat'
PACKAGE_URL=''
PACKAGE_VERSION='2.1.0'
PATH_SEPARATOR=':'
RANLIB='/home/user/emsdk_portable/emscripten/master/emranlib'
SED='/bin/sed'
SHELL='/bin/bash'
STRIP='strip'
ac_ct_AR=''
ac_ct_CC='/home/user/emsdk_portable/emscripten/master/emcc'
ac_ct_CXX=''
ac_ct_DUMPBIN=''
bindir='${exec_prefix}/bin'
build='x86_64-unknown-linux-gnu'
build_alias=''
build_cpu='x86_64'
build_os='linux-gnu'
build_vendor='unknown'
datadir='${datarootdir}'
datarootdir='${prefix}/share'
docdir='${datarootdir}/doc/${PACKAGE_TARNAME}'
dvidir='${docdir}'
exec_prefix='${prefix}'
host='x86_64-unknown-linux-gnu'
host_alias=''
host_cpu='x86_64'
host_os='linux-gnu'
host_vendor='unknown'
htmldir='${docdir}'
includedir='${prefix}/include'
infodir='${datarootdir}/info'
libdir='${exec_prefix}/lib'
libexecdir='${exec_prefix}/libexec'
localedir='${datarootdir}/locale'
localstatedir='${prefix}/var'
mandir='${datarootdir}/man'
oldincludedir='/usr/include'
pdfdir='${docdir}'
prefix='/home/user/libass.js/build/expat/dist'
program_transform_name='s,x,x,'
psdir='${docdir}'
sbindir='${exec_prefix}/sbin'
sharedstatedir='${prefix}/com'
sysconfdir='${prefix}/etc'
target_alias=''

## ----------- ##
## confdefs.h. ##
## ----------- ##

/* confdefs.h */
#define PACKAGE_NAME "expat"
#define PACKAGE_TARNAME "expat"
#define PACKAGE_VERSION "2.1.0"
#define PACKAGE_STRING "expat 2.1.0"
#define PACKAGE_BUGREPORT "expat-bugs@libexpat.org"
#define PACKAGE_URL ""
#define STDC_HEADERS 1
#define HAVE_SYS_TYPES_H 1
#define HAVE_SYS_STAT_H 1
#define HAVE_STDLIB_H 1
#define HAVE_STRING_H 1
#define HAVE_MEMORY_H 1
#define HAVE_STRINGS_H 1
#define HAVE_INTTYPES_H 1
#define HAVE_STDINT_H 1
#define HAVE_UNISTD_H 1
#define HAVE_DLFCN_H 1
#define LT_OBJDIR ".libs/"
#define STDC_HEADERS 1
#define BYTEORDER 1234
#define HAVE_MEMMOVE 1
#define HAVE_BCOPY 1
#define HAVE_FCNTL_H 1
#define HAVE_UNISTD_H 1
#define HAVE_STDLIB_H 1
#define HAVE_UNISTD_H 1
#define HAVE_SYS_PARAM_H 1
#define HAVE_GETPAGESIZE 1
#define XML_NS 1
#define XML_DTD 1
#define XML_CONTEXT_BYTES 1024

configure: exit 0
